{"action":27,"origin":"ac1","date":"2025-10-31T00:43:15","phones":[],"objects":[],"characters":[],"vehicles":[],"interiors":[],"accounts":[1],"content":"Connected from 127.0.0.1 - 28923DAB01CAAD02D8FA22ED2D86E9B3","factions":[]}
{"action":27,"origin":"ac1","date":"2025-10-31T00:43:30","phones":[],"objects":[],"characters":[1],"vehicles":[],"interiors":[],"accounts":[1],"content":"Spawned","factions":[]}
{"action":6,"origin":"SYSTEM","date":"2025-10-31T01:00:59","phones":[],"objects":[],"characters":[],"vehicles":[352],"interiors":[],"accounts":[],"content":"Deleted by Inactivity Scanner. Reason: Inactive Vehicle | Last used 3491 days ago while parking outdoors","factions":[]}
{"action":40,"origin":"ch1","date":"2025-10-31T01:04:08","phones":[],"objects":[],"characters":[1],"vehicles":[],"interiors":[],"accounts":[],"content":"Nadeeer Admin reloads his Rocket Launcher.","factions":[]}
{"action":39,"origin":"ch1","date":"2025-10-31T01:05:46","phones":[],"objects":[],"characters":[1],"vehicles":[],"interiors":[],"accounts":[],"content":"Nadeeer_Admin -> ~World #267 - Rocket Launcher - 35:mp9ZN8brm8DZOuWYmHhB:Rocket Launcher:0 @ (1106.3053, -1792.7819, 15.59375) in (int 0, dim 0)","factions":[]}
{"action":40,"origin":"ch1","date":"2025-10-31T01:05:46","phones":[],"objects":[],"characters":[1],"vehicles":[],"interiors":[],"accounts":[],"content":"Nadeeer Admin dropped a Rocket Launcher.","factions":[]}
{"action":39,"origin":"ch1","date":"2025-10-31T01:05:55","phones":[],"objects":[],"characters":[1],"vehicles":[],"interiors":[],"accounts":[],"content":"Nadeeer_Admin -> ~World #268 - House Key - 3 @ (1110.7915, -1791.411, 15.59375) in (int 0, dim 0)","factions":[]}
{"action":40,"origin":"ch1","date":"2025-10-31T01:05:55","phones":[],"objects":[],"characters":[1],"vehicles":[],"interiors":[],"accounts":[],"content":"Nadeeer Admin dropped a House Key.","factions":[]}
{"action":39,"origin":"ch1","date":"2025-10-31T01:05:57","phones":[],"objects":[268],"characters":[],"vehicles":[],"interiors":[],"accounts":[],"content":"~World #268 @ (1110.7915039062, -1791.4110107422, 15.59375) in (int 0, dim 0) ->Nadeeer_Admin - House Key - 3","factions":[]}
{"action":40,"origin":"ch1","date":"2025-10-31T01:05:57","phones":[],"objects":[],"characters":[1],"vehicles":[],"interiors":[],"accounts":[],"content":"Nadeeer Admin bends over and picks up a House Key.","factions":[]}
{"action":39,"origin":"ch1","date":"2025-10-31T01:05:59","phones":[],"objects":[],"characters":[1],"vehicles":[],"interiors":[],"accounts":[],"content":"Nadeeer_Admin -> ~World #269 - House Key - 3 @ (1110.9791, -1791.2047, 15.59375) in (int 0, dim 0)","factions":[]}
{"action":40,"origin":"ch1","date":"2025-10-31T01:05:59","phones":[],"objects":[],"characters":[1],"vehicles":[],"interiors":[],"accounts":[],"content":"Nadeeer Admin dropped a House Key.","factions":[]}
{"action":39,"origin":"ch1","date":"2025-10-31T01:06:03","phones":[],"objects":[269],"characters":[],"vehicles":[],"interiors":[],"accounts":[],"content":"~World #269 @ (1110.9791259766, -1791.2047119141, 15.59375) in (int 0, dim 0) ->Nadeeer_Admin - House Key - 3","factions":[]}
{"action":40,"origin":"ch1","date":"2025-10-31T01:06:03","phones":[],"objects":[],"characters":[1],"vehicles":[],"interiors":[],"accounts":[],"content":"Nadeeer Admin bends over and picks up a House Key.","factions":[]}
{"action":39,"origin":"ch1","date":"2025-10-31T01:06:05","phones":[],"objects":[],"characters":[1],"vehicles":[],"interiors":[],"accounts":[],"content":"Nadeeer_Admin -> ~World #270 - House Key - 2 @ (1111.1952, -1791.3336, 15.59375) in (int 0, dim 0)","factions":[]}
{"action":40,"origin":"ch1","date":"2025-10-31T01:06:05","phones":[],"objects":[],"characters":[1],"vehicles":[],"interiors":[],"accounts":[],"content":"Nadeeer Admin dropped a House Key.","factions":[]}
{"action":39,"origin":"ch1","date":"2025-10-31T01:06:07","phones":[],"objects":[270],"characters":[],"vehicles":[],"interiors":[],"accounts":[],"content":"~World #270 @ (1111.1951904297, -1791.3336181641, 15.59375) in (int 0, dim 0) ->Nadeeer_Admin - House Key - 2","factions":[]}
{"action":40,"origin":"ch1","date":"2025-10-31T01:06:07","phones":[],"objects":[],"characters":[1],"vehicles":[],"interiors":[],"accounts":[],"content":"Nadeeer Admin bends over and picks up a House Key.","factions":[]}
{"action":39,"origin":"ch1","date":"2025-10-31T01:06:08","phones":[],"objects":[],"characters":[1],"vehicles":[],"interiors":[],"accounts":[],"content":"Nadeeer_Admin -> ~World #271 - Vehicle Key (Infernus) - 1 @ (1111.2212, -1791.0858, 15.59375) in (int 0, dim 0)","factions":[]}
{"action":40,"origin":"ch1","date":"2025-10-31T01:06:08","phones":[],"objects":[],"characters":[1],"vehicles":[],"interiors":[],"accounts":[],"content":"Nadeeer Admin dropped a Vehicle Key (Infernus).","factions":[]}
{"action":39,"origin":"ch1","date":"2025-10-31T01:06:10","phones":[],"objects":[271],"characters":[],"vehicles":[],"interiors":[],"accounts":[],"content":"~World #271 @ (1111.2211914062, -1791.0858154297, 15.59375) in (int 0, dim 0) ->Nadeeer_Admin - Vehicle Key - 1","factions":[]}
{"action":40,"origin":"ch1","date":"2025-10-31T01:06:10","phones":[],"objects":[],"characters":[1],"vehicles":[],"interiors":[],"accounts":[],"content":"Nadeeer Admin bends over and picks up a Vehicle Key (Infernus).","factions":[]}
{"action":7,"origin":"ch1","date":"2025-10-31T01:30:49","phones":[],"objects":[],"characters":[1],"vehicles":[],"interiors":[],"accounts":[],"content":"English: Yes please.","factions":[]}
{"action":7,"origin":"ch1","date":"2025-10-31T01:31:11","phones":[],"objects":[],"characters":[1],"vehicles":[],"interiors":[],"accounts":[],"content":"English: Yes please.","factions":[]}
{"action":6,"origin":"ch1","date":"2025-10-31T01:57:49","phones":[],"objects":[],"characters":[],"vehicles":[25],"interiors":[],"accounts":[],"content":"gotoveh","factions":[]}
{"action":6,"origin":"ch1","date":"2025-10-31T01:57:59","phones":[],"objects":[],"characters":[],"vehicles":[25],"interiors":[],"accounts":[],"content":"gotoveh","factions":[]}
{"action":31,"origin":"ch1","date":"2025-10-31T02:47:45","phones":[],"objects":[],"characters":[1],"vehicles":[94],"interiors":[],"accounts":[],"content":"STARTED ENGINE","factions":[]}
{"action":40,"origin":"ch1","date":"2025-10-31T02:48:06","phones":[],"objects":[],"characters":[1],"vehicles":[],"interiors":[],"accounts":[],"content":"Nadeeer Admin rolls their windows down.","factions":[]}
{"action":40,"origin":"ch1","date":"2025-10-31T02:48:08","phones":[],"objects":[],"characters":[1],"vehicles":[],"interiors":[],"accounts":[],"content":"Nadeeer Admin buckles in their seatbelt.","factions":[]}
{"action":40,"origin":"ch1","date":"2025-10-31T02:52:33","phones":[],"objects":[],"characters":[1],"vehicles":[],"interiors":[],"accounts":[],"content":"Nadeeer Admin rolls their windows up.","factions":[]}
{"action":40,"origin":"ch1","date":"2025-10-31T02:53:41","phones":[],"objects":[],"characters":[1],"vehicles":[],"interiors":[],"accounts":[],"content":"Nadeeer Admin unbuckles their seatbelt.","factions":[]}
{"action":6,"origin":"ch1","date":"2025-10-31T03:45:14","phones":[],"objects":[],"characters":[],"vehicles":[8],"interiors":[],"accounts":[],"content":"FACTIONRESPAWN","factions":[]}
{"action":6,"origin":"ch1","date":"2025-10-31T03:45:15","phones":[],"objects":[],"characters":[],"vehicles":[8],"interiors":[],"accounts":[],"content":"FACTIONRESPAWN","factions":[]}
{"action":6,"origin":"ch1","date":"2025-10-31T03:45:15","phones":[],"objects":[],"characters":[],"vehicles":[8],"interiors":[],"accounts":[],"content":"FACTIONRESPAWN","factions":[]}
{"action":31,"origin":"ch1","date":"2025-10-31T03:22:14","phones":[],"objects":[],"characters":[1],"vehicles":[140],"interiors":[],"accounts":[],"content":"STARTED ENGINE","factions":[]}
{"action":27,"origin":"ac1","date":"2025-10-31T03:23:36","phones":[],"objects":[],"characters":[1],"vehicles":[],"interiors":[],"accounts":[1],"content":"Disconnected (Quit) (Name: Nadeeer_Admin)","factions":[]}
{"action":27,"origin":"ac1","date":"2025-10-31T03:41:00","phones":[],"objects":[],"characters":[],"vehicles":[],"interiors":[],"accounts":[1],"content":"Connected from 127.0.0.1 - 28923DAB01CAAD02D8FA22ED2D86E9B3","factions":[]}
{"action":27,"origin":"ac1","date":"2025-10-31T03:41:18","phones":[],"objects":[],"characters":[1],"vehicles":[],"interiors":[],"accounts":[1],"content":"Spawned","factions":[]}
{"action":40,"origin":"ch1","date":"2025-10-31T03:47:48","phones":[],"objects":[],"characters":[1],"vehicles":[],"interiors":[],"accounts":[],"content":"Nadeeer Admin's left leg was hit.","factions":[]}
{"action":4,"origin":"ch1","date":"2025-10-31T03:48:09","phones":[],"objects":[],"characters":[1],"vehicles":[],"interiors":[],"accounts":[],"content":"SETHP 100","factions":[]}
{"action":31,"origin":"ch1","date":"2025-10-31T03:52:14","phones":[],"objects":[],"characters":[1],"vehicles":[90],"interiors":[],"accounts":[],"content":"STARTED ENGINE","factions":[]}
{"action":31,"origin":"ch1","date":"2025-10-31T03:52:33","phones":[],"objects":[],"characters":[1],"vehicles":[90],"interiors":[],"accounts":[],"content":"STARTED ENGINE","factions":[]}
{"action":27,"origin":"ac2","date":"2025-10-31T04:00:48","phones":[],"objects":[],"characters":[],"vehicles":[],"interiors":[],"accounts":[2],"content":"Connected from 26.177.254.36 - D519EA9A95F608E384683B9C81A22FB2","factions":[]}
{"action":27,"origin":"ac2","date":"2025-10-31T04:01:02","phones":[],"objects":[],"characters":[2],"vehicles":[],"interiors":[],"accounts":[2],"content":"Spawned","factions":[]}
{"action":4,"origin":"ch1","date":"2025-10-31T04:02:44","phones":[],"objects":[],"characters":[2],"vehicles":[],"interiors":[],"accounts":[],"content":"SETHP 100","factions":[]}
{"action":40,"origin":"ch2","date":"2025-10-31T04:04:27","phones":[],"objects":[],"characters":[1,2],"vehicles":[],"interiors":[],"accounts":[],"content":"Tester Mod locks the vehicle doors.","factions":[]}
{"action":31,"origin":"ch2","date":"2025-10-31T04:04:27","phones":[],"objects":[],"characters":[],"vehicles":[90],"interiors":[],"accounts":[],"content":"LOCK FROM INSIDE","factions":[]}
{"action":40,"origin":"ch2","date":"2025-10-31T04:04:32","phones":[],"objects":[],"characters":[1,2],"vehicles":[],"interiors":[],"accounts":[],"content":"Tester Mod unlocks the vehicle doors.","factions":[]}
{"action":31,"origin":"ch2","date":"2025-10-31T04:04:32","phones":[],"objects":[],"characters":[],"vehicles":[90],"interiors":[],"accounts":[],"content":"UNLOCK FROM INSIDE","factions":[]}
{"action":40,"origin":"ch2","date":"2025-10-31T04:04:35","phones":[],"objects":[],"characters":[1,2],"vehicles":[],"interiors":[],"accounts":[],"content":"Tester Mod buckles in their seatbelt.","factions":[]}
{"action":6,"origin":"ch1","date":"2025-10-31T04:05:29","phones":[],"objects":[],"characters":[],"vehicles":[1],"interiors":[],"accounts":[],"content":"gotoveh","factions":[]}
{"action":6,"origin":"ch1","date":"2025-10-31T04:05:36","phones":[],"objects":[],"characters":[],"vehicles":[1],"interiors":[],"accounts":[],"content":"gotoveh","factions":[]}
{"action":40,"origin":"ch2","date":"2025-10-31T04:05:41","phones":[],"objects":[],"characters":[2],"vehicles":[],"interiors":[],"accounts":[],"content":"Tester Mod unbuckles their seatbelt.","factions":[]}
{"action":6,"origin":"ch1","date":"2025-10-31T04:06:28","phones":[],"objects":[],"characters":[],"vehicles":[2],"interiors":[],"accounts":[],"content":"gotoveh","factions":[]}
{"action":6,"origin":"ch1","date":"2025-10-31T04:06:34","phones":[],"objects":[],"characters":[],"vehicles":[4],"interiors":[],"accounts":[],"content":"gotoveh","factions":[]}
{"action":7,"origin":"ch1","date":"2025-10-31T04:08:14","phones":[],"objects":[],"characters":[1,2],"vehicles":[],"interiors":[2399],"accounts":[],"content":"English: مينفعش اصلا","factions":[]}
{"action":7,"origin":"ch1","date":"2025-10-31T04:08:21","phones":[],"objects":[],"characters":[1,2],"vehicles":[],"interiors":[2399],"accounts":[],"content":"English: لازم تكون ف  فاكشن الشرطه عشان تستعملها","factions":[]}
{"action":7,"origin":"ch1","date":"2025-10-31T04:08:28","phones":[],"objects":[],"characters":[1,2],"vehicles":[],"interiors":[2399],"accounts":[],"content":"English: شكلهم عرص","factions":[]}
{"action":7,"origin":"ch2","date":"2025-10-31T04:08:56","phones":[],"objects":[],"characters":[2,1],"vehicles":[],"interiors":[2399],"accounts":[],"content":"English: فين","factions":[]}
{"action":6,"origin":"ch1","date":"2025-10-31T04:12:06","phones":[],"objects":[],"characters":[],"vehicles":[24],"interiors":[],"accounts":[],"content":"gotoveh","factions":[]}
{"action":34,"origin":"ch2","date":"2025-10-31T04:15:30","phones":[],"objects":[],"characters":[2,1],"vehicles":[],"interiors":[],"accounts":[],"content":" got killed by Nadeeer Admin (Fist)","factions":[]}
{"action":39,"origin":"ch2","date":"2025-10-31T04:16:49","phones":[],"objects":[267],"characters":[],"vehicles":[],"interiors":[],"accounts":[],"content":"~World #267 @ (1106.3052978516, -1792.7818603516, 15.69375038147) in (int 0, dim 0) ->Tester_Mod - Weapon - 35:mp9ZN8brm8DZOuWYmHhB:Rocket Launcher:0","factions":[]}
{"action":40,"origin":"ch2","date":"2025-10-31T04:16:49","phones":[],"objects":[],"characters":[1,2],"vehicles":[],"interiors":[],"accounts":[],"content":"Tester Mod bends over and picks up a Rocket Launcher.","factions":[]}
{"action":40,"origin":"ch1","date":"2025-10-31T04:19:02","phones":[],"objects":[],"characters":[1,2],"vehicles":[],"interiors":[],"accounts":[],"content":"Nadeeer Admin locks the vehicle doors.","factions":[]}
{"action":40,"origin":"ch1","date":"2025-10-31T04:19:03","phones":[],"objects":[],"characters":[1,2],"vehicles":[],"interiors":[],"accounts":[],"content":"Nadeeer Admin unlocks the vehicle doors.","factions":[]}
{"action":7,"origin":"ch1","date":"2025-10-31T04:20:46","phones":[],"objects":[],"characters":[1],"vehicles":[],"interiors":[],"accounts":[],"content":"English: استنا هشوف ايه دا","factions":[]}
{"action":4,"origin":"ch1","date":"2025-10-31T04:23:16","phones":[],"objects":[],"characters":[2],"vehicles":[],"interiors":[],"accounts":[],"content":"SETHP 100","factions":[]}
{"action":7,"origin":"ch1","date":"2025-10-31T04:25:03","phones":[],"objects":[],"characters":[1,2],"vehicles":[],"interiors":[],"accounts":[],"content":"English: Hv;f","factions":[]}
{"action":7,"origin":"ch1","date":"2025-10-31T04:25:06","phones":[],"objects":[],"characters":[1,2],"vehicles":[],"interiors":[],"accounts":[],"content":"English: اركب","factions":[]}
{"action":7,"origin":"ch1","date":"2025-10-31T04:25:55","phones":[],"objects":[],"characters":[1,2],"vehicles":[],"interiors":[],"accounts":[],"content":"English: O]ih","factions":[]}
{"action":7,"origin":"ch1","date":"2025-10-31T04:25:59","phones":[],"objects":[],"characters":[1,2],"vehicles":[],"interiors":[],"accounts":[],"content":"English: خدها","factions":[]}
{"action":7,"origin":"ch1","date":"2025-10-31T04:26:35","phones":[],"objects":[],"characters":[1,2],"vehicles":[],"interiors":[],"accounts":[],"content":"English: اركببببببببببب","factions":[]}
{"action":7,"origin":"ch2","date":"2025-10-31T04:28:13","phones":[],"objects":[],"characters":[2,1],"vehicles":[],"interiors":[],"accounts":[],"content":"English: فين العلء بتاع الرخصه","factions":[]}
{"action":7,"origin":"ch1","date":"2025-10-31T04:28:25","phones":[],"objects":[],"characters":[1,2],"vehicles":[],"interiors":[],"accounts":[],"content":"English: استنا هوديك","factions":[]}
{"action":7,"origin":"ch1","date":"2025-10-31T04:28:37","phones":[],"objects":[],"characters":[1,2],"vehicles":[],"interiors":[],"accounts":[],"content":"English: بس اصلح نظام العربيه الي انت بتنزل بيها دي","factions":[]}
{"action":40,"origin":"ch2","date":"2025-10-31T04:29:07","phones":[],"objects":[],"characters":[1,2],"vehicles":[],"interiors":[],"accounts":[],"content":"Tester Mod buckles in their seatbelt.","factions":[]}
{"action":40,"origin":"ch2","date":"2025-10-31T04:29:15","phones":[],"objects":[],"characters":[1,2],"vehicles":[],"interiors":[],"accounts":[],"content":"Tester Mod unbuckles their seatbelt.","factions":[]}
{"action":7,"origin":"ch1","date":"2025-10-31T04:30:00","phones":[],"objects":[],"characters":[1,2],"vehicles":[],"interiors":[],"accounts":[],"content":"English: استنا","factions":[]}
{"action":7,"origin":"ch1","date":"2025-10-31T04:30:28","phones":[],"objects":[],"characters":[1,2],"vehicles":[],"interiors":[],"accounts":[],"content":"English: كان في عربيات شرطه هنا ","factions":[]}
{"action":7,"origin":"ch1","date":"2025-10-31T04:30:30","phones":[],"objects":[],"characters":[1,2],"vehicles":[],"interiors":[],"accounts":[],"content":"English: احا","factions":[]}
{"action":4,"origin":"ch1","date":"2025-10-31T04:31:28","phones":[],"objects":[],"characters":[1],"vehicles":[],"interiors":[],"accounts":[],"content":"SETHP 100","factions":[]}
{"action":6,"origin":"ch1","date":"2025-10-31T04:37:44","phones":[],"objects":[],"characters":[],"vehicles":[24],"interiors":[],"accounts":[],"content":"gotoveh","factions":[]}
{"action":31,"origin":"ch2","date":"2025-10-31T04:45:51","phones":[],"objects":[],"characters":[2],"vehicles":[30],"interiors":[],"accounts":[],"content":"STARTED ENGINE","factions":[]}
{"action":31,"origin":"ch2","date":"2025-10-31T04:45:56","phones":[],"objects":[],"characters":[2],"vehicles":[30],"interiors":[],"accounts":[],"content":"STARTED ENGINE","factions":[]}
{"action":31,"origin":"ch2","date":"2025-10-31T04:46:11","phones":[],"objects":[],"characters":[2],"vehicles":[31],"interiors":[],"accounts":[],"content":"STARTED ENGINE","factions":[]}
{"action":31,"origin":"ch2","date":"2025-10-31T04:52:12","phones":[],"objects":[],"characters":[2],"vehicles":[31],"interiors":[],"accounts":[],"content":"STARTED ENGINE","factions":[]}
{"action":39,"origin":"ch2","date":"2025-10-31T05:02:27","phones":[],"objects":[],"characters":[2],"vehicles":[],"interiors":[],"accounts":[],"content":"Tester_Mod -> ~World #272 - Rocket Launcher - 35:mp9ZN8brm8DZOuWYmHhB:Rocket Launcher:0 @ (1093.8143, -1766.4631, 12.355337) in (int 0, dim 0)","factions":[]}
{"action":40,"origin":"ch2","date":"2025-10-31T05:02:27","phones":[],"objects":[],"characters":[1,2],"vehicles":[],"interiors":[],"accounts":[],"content":"Tester Mod dropped a Rocket Launcher.","factions":[]}
{"action":40,"origin":"ch1","date":"2025-10-31T05:08:53","phones":[],"objects":[],"characters":[1,2],"vehicles":[],"interiors":[],"accounts":[],"content":"Nadeeer Admin rolls their windows up.","factions":[]}
{"action":40,"origin":"ch1","date":"2025-10-31T05:08:54","phones":[],"objects":[],"characters":[1,2],"vehicles":[],"interiors":[],"accounts":[],"content":"Nadeeer Admin rolls their windows down.","factions":[]}
{"action":8,"origin":"ch1","date":"2025-10-31T05:08:57","phones":[],"objects":[],"characters":[1],"vehicles":[],"interiors":[],"accounts":[],"content":"b","factions":[]}
{"action":7,"origin":"ch2","date":"2025-10-31T05:09:20","phones":[],"objects":[],"characters":[2,1],"vehicles":[],"interiors":[],"accounts":[],"content":"English: فين التاكسى","factions":[]}
{"action":40,"origin":"ch2","date":"2025-10-31T05:09:24","phones":[],"objects":[],"characters":[1,2],"vehicles":[],"interiors":[],"accounts":[],"content":"Tester Mod locks the vehicle doors.","factions":[]}
{"action":7,"origin":"ch1","date":"2025-10-31T05:09:29","phones":[],"objects":[],"characters":[1,2],"vehicles":[],"interiors":[],"accounts":[],"content":"English: خدت الوظيفة ؟","factions":[]}
{"action":7,"origin":"ch2","date":"2025-10-31T05:09:38","phones":[],"objects":[],"characters":[2,1],"vehicles":[],"interiors":[],"accounts":[],"content":"English: ايوا","factions":[]}
{"action":7,"origin":"ch1","date":"2025-10-31T05:09:58","phones":[],"objects":[],"characters":[1,2],"vehicles":[],"interiors":[],"accounts":[],"content":"English: بس مش هتشتغل ازاي منا لسه هعمل بانل الطلبات للاعب المفروض بانل اللاعب الي فيها كل التفاصيل ","factions":[]}
{"action":7,"origin":"ch1","date":"2025-10-31T05:10:02","phones":[],"objects":[],"characters":[1,2],"vehicles":[],"interiors":[],"accounts":[],"content":"English: هيكون فيها زر طلب تاكسي","factions":[]}
{"action":4,"origin":"ch1","date":"2025-10-31T05:10:11","phones":[],"objects":[],"characters":[1],"vehicles":[],"interiors":[],"accounts":[],"content":"SETHP 100","factions":[]}
{"action":7,"origin":"ch2","date":"2025-10-31T05:10:22","phones":[],"objects":[],"characters":[2,1],"vehicles":[],"interiors":[],"accounts":[],"content":"English: احا اومال انتا عملت ايه","factions":[]}
{"action":6,"origin":"ch1","date":"2025-10-31T05:12:11","phones":[],"objects":[],"characters":[],"vehicles":[136],"interiors":[],"accounts":[],"content":"FACTIONRESPAWN","factions":[]}
{"action":7,"origin":"ch1","date":"2025-10-31T05:13:00","phones":[],"objects":[],"characters":[1,2],"vehicles":[],"interiors":[],"accounts":[],"content":"English: اوقف الاغاني دي ازاي","factions":[]}
{"action":7,"origin":"ch1","date":"2025-10-31T05:13:02","phones":[],"objects":[],"characters":[1,2],"vehicles":[],"interiors":[],"accounts":[],"content":"English: خخخخخخخ","factions":[]}
{"action":7,"origin":"ch2","date":"2025-10-31T05:13:14","phones":[],"objects":[],"characters":[2,1],"vehicles":[],"interiors":[],"accounts":[],"content":"English: اقفل الراديو","factions":[]}
{"action":40,"origin":"ch2","date":"2025-10-31T05:15:46","phones":[],"objects":[],"characters":[2],"vehicles":[],"interiors":[],"accounts":[],"content":"Tester Mod buckles in their seatbelt.","factions":[]}
{"action":34,"origin":"ch2","date":"2025-10-31T05:17:10","phones":[],"objects":[],"characters":[2],"vehicles":[],"interiors":[],"accounts":[],"content":" died","factions":[]}
{"action":31,"origin":"ch2","date":"2025-10-31T05:20:43","phones":[],"objects":[],"characters":[2],"vehicles":[91],"interiors":[],"accounts":[],"content":"STARTED ENGINE","factions":[]}
{"action":40,"origin":"ch2","date":"2025-10-31T05:24:00","phones":[],"objects":[],"characters":[2],"vehicles":[],"interiors":[],"accounts":[],"content":"Tester Mod rolls their windows down.","factions":[]}
{"action":7,"origin":"ch1","date":"2025-10-31T05:29:52","phones":[],"objects":[],"characters":[1],"vehicles":[],"interiors":[],"accounts":[],"content":"English: W","factions":[]}
{"action":4,"origin":"ch1","date":"2025-10-31T05:31:23","phones":[],"objects":[],"characters":[2],"vehicles":[],"interiors":[],"accounts":[],"content":"GIVEMONEY 0","factions":[]}
{"action":7,"origin":"ch1","date":"2025-10-31T05:31:32","phones":[],"objects":[],"characters":[1,2],"vehicles":[],"interiors":[],"accounts":[],"content":"English: اديتك فلوس","factions":[]}
{"action":7,"origin":"ch1","date":"2025-10-31T05:31:34","phones":[],"objects":[],"characters":[1,2],"vehicles":[],"interiors":[],"accounts":[],"content":"English: جرب اشتري","factions":[]}
{"action":7,"origin":"ch2","date":"2025-10-31T05:31:44","phones":[],"objects":[],"characters":[2,1],"vehicles":[],"interiors":[],"accounts":[],"content":"English: منا كان معايا 9999999","factions":[]}
{"action":7,"origin":"ch2","date":"2025-10-31T05:31:58","phones":[],"objects":[],"characters":[2,1],"vehicles":[],"interiors":[],"accounts":[],"content":"English: مابيشتريش","factions":[]}
{"action":7,"origin":"ch1","date":"2025-10-31T05:32:00","phones":[],"objects":[],"characters":[1,2],"vehicles":[],"interiors":[],"accounts":[],"content":"English: مش شغال","factions":[]}
{"action":7,"origin":"ch1","date":"2025-10-31T05:32:07","phones":[],"objects":[],"characters":[1,2],"vehicles":[],"interiors":[],"accounts":[],"content":"English: عشان مش رابطين السيرفر بالسيرفر دا تقريبا","factions":[]}
{"action":7,"origin":"ch2","date":"2025-10-31T05:32:10","phones":[],"objects":[],"characters":[2,1],"vehicles":[],"interiors":[],"accounts":[],"content":"English: مش بيشوف فلوس اللاعب","factions":[]}
{"action":7,"origin":"ch1","date":"2025-10-31T05:32:30","phones":[],"objects":[],"characters":[1,2],"vehicles":[],"interiors":[],"accounts":[],"content":"English: وكمان دا الي فيه اخطاء التاني فى الفي بي اس تمام مفهوش حاجة بس اعمل ايه الولا غير","factions":[]}
{"action":7,"origin":"ch1","date":"2025-10-31T05:32:35","phones":[],"objects":[],"characters":[1,2],"vehicles":[],"interiors":[],"accounts":[],"content":"English: غير الفي بي اس واكيد مسح الحاجة","factions":[]}
{"action":7,"origin":"ch2","date":"2025-10-31T05:32:36","phones":[],"objects":[],"characters":[2,1],"vehicles":[],"interiors":[],"accounts":[],"content":"English: يعنى لازم الميثود الى بتجيب فلوس اللاعب تتظبط ","factions":[]}
{"action":7,"origin":"ch2","date":"2025-10-31T05:32:53","phones":[],"objects":[],"characters":[2,1],"vehicles":[],"interiors":[],"accounts":[],"content":"English: احا ليه","factions":[]}
{"action":7,"origin":"ch1","date":"2025-10-31T05:34:03","phones":[],"objects":[],"characters":[1,2],"vehicles":[],"interiors":[],"accounts":[],"content":"English: فيراري","factions":[]}
{"action":7,"origin":"ch2","date":"2025-10-31T05:34:17","phones":[],"objects":[],"characters":[2],"vehicles":[],"interiors":[],"accounts":[],"content":"English: خخخ صاروخ","factions":[]}
{"action":27,"origin":"ac2","date":"2025-10-31T05:51:55","phones":[],"objects":[],"characters":[2],"vehicles":[],"interiors":[],"accounts":[2],"content":"Disconnected (Quit) (Name: Tester_Mod)","factions":[]}
{"action":27,"origin":"ac1","date":"2025-10-31T05:53:00","phones":[],"objects":[],"characters":[1],"vehicles":[],"interiors":[],"accounts":[1],"content":"Disconnected (Quit) (Name: Nadeeer_Admin)","factions":[]}
{"action":27,"origin":"ac1","date":"2025-10-31T05:54:01","phones":[],"objects":[],"characters":[],"vehicles":[],"interiors":[],"accounts":[1],"content":"Connected from 127.0.0.1 - 28923DAB01CAAD02D8FA22ED2D86E9B3","factions":[]}
{"action":27,"origin":"ac1","date":"2025-10-31T05:54:11","phones":[],"objects":[],"characters":[1],"vehicles":[],"interiors":[],"accounts":[1],"content":"Spawned","factions":[]}
{"action":6,"origin":"ch1","date":"2025-10-31T06:04:46","phones":[],"objects":[],"characters":[],"vehicles":[24],"interiors":[],"accounts":[],"content":"gotoveh","factions":[]}
{"action":27,"origin":"ac1","date":"2025-10-31T07:29:12","phones":[],"objects":[],"characters":[1],"vehicles":[],"interiors":[],"accounts":[1],"content":"Disconnected (Timed out) (Name: Nadeeer_Admin)","factions":[]}
{"action":27,"origin":"ac1","date":"2025-10-31T08:05:25","phones":[],"objects":[],"characters":[],"vehicles":[],"interiors":[],"accounts":[1],"content":"Connected from 127.0.0.1 - 28923DAB01CAAD02D8FA22ED2D86E9B3","factions":[]}
{"action":27,"origin":"ac1","date":"2025-10-31T08:19:22","phones":[],"objects":[],"characters":[1],"vehicles":[],"interiors":[],"accounts":[1],"content":"Spawned","factions":[]}
{"action":31,"origin":"ch1","date":"2025-10-31T08:29:47","phones":[],"objects":[],"characters":[1],"vehicles":[24],"interiors":[],"accounts":[],"content":"STARTED ENGINE","factions":[]}
{"action":4,"origin":"ch1","date":"2025-10-31T08:31:12","phones":[],"objects":[],"characters":[1],"vehicles":[],"interiors":[],"accounts":[],"content":"SETHP 100","factions":[]}
{"action":31,"origin":"ch1","date":"2025-10-31T08:33:02","phones":[],"objects":[],"characters":[1],"vehicles":[25],"interiors":[],"accounts":[],"content":"STARTED ENGINE","factions":[]}
{"action":31,"origin":"ch1","date":"2025-10-31T08:39:38","phones":[],"objects":[],"characters":[1],"vehicles":[25],"interiors":[],"accounts":[],"content":"STARTED ENGINE","factions":[]}
{"action":40,"origin":"ch1","date":"2025-10-31T08:52:27","phones":[],"objects":[],"characters":[1],"vehicles":[],"interiors":[],"accounts":[],"content":"Nadeeer Admin attempts to start the engine but fails.","factions":[]}
{"action":31,"origin":"ch1","date":"2025-10-31T08:52:48","phones":[],"objects":[],"characters":[1],"vehicles":[28],"interiors":[],"accounts":[],"content":"STARTED ENGINE","factions":[]}
{"action":40,"origin":"ch1","date":"2025-10-31T09:21:28","phones":[],"objects":[],"characters":[1],"vehicles":[],"interiors":[],"accounts":[],"content":"Nadeeer Admin attempts to start the engine but fails.","factions":[]}
{"action":27,"origin":"ac2","date":"2025-10-31T09:22:02","phones":[],"objects":[],"characters":[],"vehicles":[],"interiors":[],"accounts":[2],"content":"Connected from 26.177.254.36 - D519EA9A95F608E384683B9C81A22FB2","factions":[]}
{"action":27,"origin":"ac2","date":"2025-10-31T09:22:19","phones":[],"objects":[],"characters":[2],"vehicles":[],"interiors":[],"accounts":[2],"content":"Spawned","factions":[]}
{"action":4,"origin":"ch1","date":"2025-10-31T09:34:54","phones":[],"objects":[],"characters":[1],"vehicles":[],"interiors":[],"accounts":[],"content":"SETHP 100","factions":[]}
{"action":27,"origin":"ac3","date":"2025-10-31T09:36:31","phones":[],"objects":[],"characters":[],"vehicles":[],"interiors":[],"accounts":[3],"content":"Connected from 26.247.217.188 - 56FD0A3C150CBE6D878F12B239898C71","factions":[]}
{"action":27,"origin":"ac3","date":"2025-10-31T09:40:46","phones":[],"objects":[],"characters":[0],"vehicles":[],"interiors":[],"accounts":[3],"content":"Disconnected (Quit) (Name: Owl.Player.7845)","factions":[]}
{"action":27,"origin":"ac3","date":"2025-10-31T09:41:43","phones":[],"objects":[],"characters":[],"vehicles":[],"interiors":[],"accounts":[3],"content":"Connected from 26.247.217.188 - 56FD0A3C150CBE6D878F12B239898C71","factions":[]}
{"action":27,"origin":"ac3","date":"2025-10-31T09:43:27","phones":[],"objects":[],"characters":[3],"vehicles":[],"interiors":[],"accounts":[3],"content":"Created","factions":[]}
{"action":27,"origin":"ac3","date":"2025-10-31T09:43:27","phones":[],"objects":[],"characters":[3],"vehicles":[],"interiors":[],"accounts":[3],"content":"Spawned","factions":[]}
{"action":6,"origin":"ch1","date":"2025-10-31T09:44:18","phones":[],"objects":[],"characters":[],"vehicles":[24],"interiors":[],"accounts":[],"content":"gotoveh","factions":[]}
{"action":27,"origin":"ac4","date":"2025-10-31T09:44:32","phones":[],"objects":[],"characters":[],"vehicles":[],"interiors":[],"accounts":[4],"content":"Connected from 26.68.244.23 - 80E491866C8380A203479D5E3C7DDE54","factions":[]}
{"action":34,"origin":"ch2","date":"2025-10-31T09:47:16","phones":[],"objects":[],"characters":[2],"vehicles":[],"interiors":[],"accounts":[],"content":" died","factions":[]}
{"action":27,"origin":"ac4","date":"2025-10-31T09:47:56","phones":[],"objects":[],"characters":[0],"vehicles":[],"interiors":[],"accounts":[4],"content":"Disconnected (Quit) (Name: Owl.Player.9885)","factions":[]}
{"action":31,"origin":"ch1","date":"2025-10-31T09:52:52","phones":[],"objects":[],"characters":[1],"vehicles":[25],"interiors":[],"accounts":[],"content":"STARTED ENGINE","factions":[]}
{"action":31,"origin":"ch1","date":"2025-10-31T09:57:30","phones":[],"objects":[],"characters":[1],"vehicles":[52],"interiors":[],"accounts":[],"content":"STARTED ENGINE","factions":[]}
{"action":40,"origin":"ch1","date":"2025-10-31T10:01:08","phones":[],"objects":[],"characters":[1],"vehicles":[],"interiors":[],"accounts":[],"content":"Nadeeer Admin's left leg was hit.","factions":[]}
{"action":4,"origin":"ch1","date":"2025-10-31T10:01:35","phones":[],"objects":[],"characters":[1],"vehicles":[],"interiors":[],"accounts":[],"content":"SETHP 100","factions":[]}
{"action":40,"origin":"ch1","date":"2025-10-31T10:03:15","phones":[],"objects":[],"characters":[1,2,3],"vehicles":[],"interiors":[],"accounts":[],"content":"Nadeeer Admin presses on the key to unlock the vehicle. ((1991 Sikorsky S-70))","factions":[]}
{"action":31,"origin":"ch1","date":"2025-10-31T10:03:15","phones":[],"objects":[],"characters":[],"vehicles":[216],"interiors":[],"accounts":[],"content":"UNLOCK FROM OUTSIDE","factions":[]}
{"action":31,"origin":"ch1","date":"2025-10-31T10:03:30","phones":[],"objects":[],"characters":[1],"vehicles":[216],"interiors":[],"accounts":[],"content":"STARTED ENGINE","factions":[]}
{"action":34,"origin":"ch3","date":"2025-10-31T10:05:38","phones":[],"objects":[],"characters":[3],"vehicles":[],"interiors":[],"accounts":[],"content":" died","factions":[]}
{"action":40,"origin":"ch1","date":"2025-10-31T10:09:11","phones":[],"objects":[],"characters":[1],"vehicles":[],"interiors":[],"accounts":[],"content":"Nadeeer Admin's right leg was hit.","factions":[]}
{"action":4,"origin":"ch1","date":"2025-10-31T10:09:17","phones":[],"objects":[],"characters":[1],"vehicles":[],"interiors":[],"accounts":[],"content":"SETHP 100","factions":[]}
{"action":34,"origin":"ch2","date":"2025-10-31T10:09:28","phones":[],"objects":[],"characters":[2,1],"vehicles":[],"interiors":[],"accounts":[],"content":" got killed by Nadeeer Admin (Fist)","factions":[]}
{"action":40,"origin":"ch1","date":"2025-10-31T10:12:12","phones":[],"objects":[],"characters":[1,3],"vehicles":[],"interiors":[],"accounts":[],"content":"Nadeeer Admin attempts to start the engine but fails.","factions":[]}
{"action":6,"origin":"ch1","date":"2025-10-31T10:12:31","phones":[],"objects":[],"characters":[1],"vehicles":[153],"interiors":[],"accounts":[],"content":"FUELVEH","factions":[]}
{"action":40,"origin":"ch1","date":"2025-10-31T10:12:36","phones":[],"objects":[],"characters":[1,3],"vehicles":[],"interiors":[],"accounts":[],"content":"Nadeeer Admin attempts to start the engine but fails.","factions":[]}
{"action":40,"origin":"ch1","date":"2025-10-31T10:12:45","phones":[],"objects":[],"characters":[1],"vehicles":[],"interiors":[],"accounts":[],"content":"Nadeeer Admin attempts to start the engine but fails.","factions":[]}
{"action":31,"origin":"ch2","date":"2025-10-31T10:14:33","phones":[],"objects":[],"characters":[2],"vehicles":[240],"interiors":[],"accounts":[],"content":"STARTED ENGINE","factions":[]}
{"action":31,"origin":"ch2","date":"2025-10-31T10:17:44","phones":[],"objects":[],"characters":[2],"vehicles":[237],"interiors":[],"accounts":[],"content":"STARTED ENGINE","factions":[]}
{"action":27,"origin":"ac3","date":"2025-10-31T10:19:12","phones":[],"objects":[],"characters":[3],"vehicles":[],"interiors":[],"accounts":[3],"content":"Disconnected (Quit) (Name: Qaesar_Zoldyck)","factions":[]}
{"action":4,"origin":"ch1","date":"2025-10-31T10:19:30","phones":[],"objects":[],"characters":[1],"vehicles":[],"interiors":[],"accounts":[],"content":"SETHP 100","factions":[]}
{"action":4,"origin":"ch1","date":"2025-10-31T10:19:35","phones":[],"objects":[],"characters":[2],"vehicles":[],"interiors":[],"accounts":[],"content":"SETHP 100","factions":[]}
{"action":34,"origin":"ch1","date":"2025-10-31T10:23:45","phones":[],"objects":[],"characters":[1,1],"vehicles":[],"interiors":[],"accounts":[],"content":" got killed by Nadeeer Admin (Drowned)","factions":[]}
{"action":34,"origin":"ch1","date":"2025-10-31T10:26:08","phones":[],"objects":[],"characters":[1,2],"vehicles":[],"interiors":[],"accounts":[],"content":" got killed by Tester Mod (Fist)","factions":[]}
{"action":6,"origin":"ch1","date":"2025-10-31T10:27:36","phones":[],"objects":[],"characters":[],"vehicles":[24],"interiors":[],"accounts":[],"content":"gotoveh","factions":[]}
{"action":34,"origin":"ch1","date":"2025-10-31T10:27:59","phones":[],"objects":[],"characters":[1,2],"vehicles":[],"interiors":[],"accounts":[],"content":" got killed by Tester Mod (Fist)","factions":[]}
{"action":4,"origin":"ch1","date":"2025-10-31T10:28:13","phones":[],"objects":[],"characters":[1],"vehicles":[],"interiors":[],"accounts":[],"content":"REVIVED from PK","factions":[]}
{"action":34,"origin":"ch2","date":"2025-10-31T10:28:22","phones":[],"objects":[],"characters":[2,1],"vehicles":[],"interiors":[],"accounts":[],"content":" got killed by Nadeeer Admin (Fist)","factions":[]}
{"action":27,"origin":"ac2","date":"2025-10-31T10:30:27","phones":[],"objects":[],"characters":[2],"vehicles":[],"interiors":[],"accounts":[2],"content":"Disconnected (Quit) (Name: Tester_Mod)","factions":[]}
{"action":40,"origin":"ch1","date":"2025-10-31T10:48:36","phones":[],"objects":[],"characters":[1],"vehicles":[],"interiors":[],"accounts":[],"content":"Nadeeer Admin attempts to start the engine but fails.","factions":[]}
{"action":6,"origin":"ch1","date":"2025-10-31T10:48:50","phones":[],"objects":[],"characters":[1],"vehicles":[],"interiors":[],"accounts":[],"content":"FUELVEH","factions":[]}
{"action":27,"origin":"ac1","date":"2025-10-31T11:33:51","phones":[],"objects":[],"characters":[1],"vehicles":[],"interiors":[],"accounts":[1],"content":"Disconnected (Timed out) (Name: Nadeeer_Admin)","factions":[]}
{"action":27,"origin":"ac1","date":"2025-10-31T11:36:05","phones":[],"objects":[],"characters":[],"vehicles":[],"interiors":[],"accounts":[1],"content":"Connected from 127.0.0.1 - 28923DAB01CAAD02D8FA22ED2D86E9B3","factions":[]}
{"action":27,"origin":"ac1","date":"2025-10-31T11:36:28","phones":[],"objects":[],"characters":[1],"vehicles":[],"interiors":[],"accounts":[1],"content":"Spawned","factions":[]}
{"action":8,"origin":"ch1","date":"2025-10-31T11:37:51","phones":[],"objects":[],"characters":[1],"vehicles":[],"interiors":[],"accounts":[],"content":"b","factions":[]}
{"action":31,"origin":"ch1","date":"2025-10-31T11:59:24","phones":[],"objects":[],"characters":[1],"vehicles":[25],"interiors":[],"accounts":[],"content":"STARTED ENGINE","factions":[]}
{"action":27,"origin":"ac1","date":"2025-10-31T12:04:09","phones":[],"objects":[],"characters":[1],"vehicles":[],"interiors":[],"accounts":[1],"content":"Disconnected (Quit) (Name: Nadeeer_Admin)","factions":[]}
{"action":27,"origin":"ac1","date":"2025-10-31T21:26:59","phones":[],"objects":[],"characters":[],"vehicles":[],"interiors":[],"accounts":[1],"content":"Connected from 127.0.0.1 - 28923DAB01CAAD02D8FA22ED2D86E9B3","factions":[]}
{"action":27,"origin":"ac1","date":"2025-10-31T21:27:09","phones":[],"objects":[],"characters":[1],"vehicles":[],"interiors":[],"accounts":[1],"content":"Spawned","factions":[]}
{"action":31,"origin":"ch1","date":"2025-10-31T21:38:07","phones":[],"objects":[],"characters":[1],"vehicles":[25],"interiors":[],"accounts":[],"content":"STARTED ENGINE","factions":[]}
{"action":40,"origin":"ch1","date":"2025-10-31T21:45:56","phones":[],"objects":[],"characters":[1],"vehicles":[],"interiors":[],"accounts":[],"content":"Nadeeer Admin's left leg was hit.","factions":[]}
{"action":27,"origin":"ac1","date":"2025-10-31T22:20:06","phones":[],"objects":[],"characters":[1],"vehicles":[],"interiors":[],"accounts":[1],"content":"Disconnected (Quit) (Name: Nadeeer_Admin)","factions":[]}
{"action":27,"origin":"ac1","date":"2025-10-31T22:33:26","phones":[],"objects":[],"characters":[],"vehicles":[],"interiors":[],"accounts":[1],"content":"Connected from 127.0.0.1 - 28923DAB01CAAD02D8FA22ED2D86E9B3","factions":[]}
{"action":27,"origin":"ac1","date":"2025-10-31T22:33:35","phones":[],"objects":[],"characters":[1],"vehicles":[],"interiors":[],"accounts":[1],"content":"Spawned","factions":[]}
{"action":40,"origin":"ch1","date":"2025-10-31T23:03:55","phones":[],"objects":[],"characters":[1],"vehicles":[],"interiors":[],"accounts":[],"content":"Nadeeer Admin locks the vehicle doors.","factions":[]}
{"action":40,"origin":"ch1","date":"2025-10-31T23:04:09","phones":[],"objects":[],"characters":[1],"vehicles":[],"interiors":[],"accounts":[],"content":"Nadeeer Admin unlocks the vehicle doors.","factions":[]}
{"action":4,"origin":"ch1","date":"2025-10-31T23:04:31","phones":[],"objects":[],"characters":[1],"vehicles":[],"interiors":[],"accounts":[],"content":"SETHP 100","factions":[]}
{"action":40,"origin":"ch1","date":"2025-11-01T00:31:36","phones":[],"objects":[],"characters":[1],"vehicles":[],"interiors":[],"accounts":[],"content":"Nadeeer Admin rolls their windows up.","factions":[]}
